Using pre-set license
Built from '2020.3/staging' branch; Version is '2020.3.8f1 (507919d4fff5) revision 5273881'; Using compiler version '192528614'; Build Type 'Release'
OS: 'Windows 10 Pro; OS build 19043.1237; Version 2009; 64bit' Language: 'ja' Physical Memory: 16275 MB
BatchMode: 1, IsHumanControllingUs: 0, StartBugReporterOnCrash: 0, Is64bit: 1, IsPro: 0

 COMMAND LINE ARGUMENTS:
C:\Program Files\Unity\Hub\Editor\2020.3.8f1\Editor\Unity.exe
-adb2
-batchMode
-noUpm
-name
AssetImportWorker0
-projectPath
C:/work/Joshibi/2021/UnityProject/RhythmGameSample
-logFile
Logs/AssetImportWorker0.log
-srvPort
52747
Successfully changed project path to: C:/work/Joshibi/2021/UnityProject/RhythmGameSample
C:/work/Joshibi/2021/UnityProject/RhythmGameSample
Using Asset Import Pipeline V2.
Refreshing native plugins compatible for Editor in 42.46 ms, found 1 plugins.
Preloading 0 native plugins for Editor in 0.00 ms.
Initialize engine version: 2020.3.8f1 (507919d4fff5)
[Subsystems] Discovering subsystems at path C:/Program Files/Unity/Hub/Editor/2020.3.8f1/Editor/Data/Resources/UnitySubsystems
[Subsystems] Discovering subsystems at path C:/work/Joshibi/2021/UnityProject/RhythmGameSample/Assets
GfxDevice: creating device client; threaded=0
Direct3D:
    Version:  Direct3D 11.0 [level 11.1]
    Renderer: NVIDIA GeForce GTX 1060 (ID=0x1c20)
    Vendor:   
    VRAM:     6052 MB
    Driver:   26.21.14.4120
Initialize mono
Mono path[0] = 'C:/Program Files/Unity/Hub/Editor/2020.3.8f1/Editor/Data/Managed'
Mono path[1] = 'C:/Program Files/Unity/Hub/Editor/2020.3.8f1/Editor/Data/MonoBleedingEdge/lib/mono/unityjit'
Mono config path = 'C:/Program Files/Unity/Hub/Editor/2020.3.8f1/Editor/Data/MonoBleedingEdge/etc'
Using monoOptions --debugger-agent=transport=dt_socket,embedding=1,server=y,suspend=n,address=127.0.0.1:56652
Begin MonoManager ReloadAssembly
Registering precompiled unity dll's ...
Register platform support module: C:/Program Files/Unity/Hub/Editor/2020.3.8f1/Editor/Data/PlaybackEngines/WindowsStandaloneSupport/UnityEditor.WindowsStandalone.Extensions.dll
Registered in 0.003002 seconds.
Native extension for WindowsStandalone target not found
Refreshing native plugins compatible for Editor in 40.01 ms, found 1 plugins.
Preloading 0 native plugins for Editor in 0.00 ms.
Mono: successfully reloaded assembly
- Completed reload, in  1.200 seconds
Platform modules already initialized, skipping
Registering precompiled user dll's ...
Registered in 0.001617 seconds.
Begin MonoManager ReloadAssembly
Native extension for WindowsStandalone target not found
Refreshing native plugins compatible for Editor in 42.35 ms, found 1 plugins.
Preloading 0 native plugins for Editor in 0.00 ms.
Mono: successfully reloaded assembly
- Completed reload, in  1.069 seconds
Platform modules already initialized, skipping
========================================================================
Worker process is ready to serve import requests
Launched and connected shader compiler UnityShaderCompiler.exe after 0.06 seconds
Refreshing native plugins compatible for Editor in 0.33 ms, found 1 plugins.
Preloading 0 native plugins for Editor in 0.00 ms.
Unloading 1808 Unused Serialized files (Serialized files now loaded: 0)
System memory in use before: 84.8 MB.
System memory in use after: 84.8 MB.

Unloading 24 unused Assets to reduce memory usage. Loaded Objects now: 2250.
Total: 2.263000 ms (FindLiveObjects: 0.174800 ms CreateObjectMapping: 0.057100 ms MarkObjects: 1.847000 ms  DeleteObjects: 0.183300 ms)

========================================================================
Received Import Request.
  path: Assets
  artifactKey: Guid(00000000000000001000000000000000) Importer(815301076,1909f56bfc062723c751e8b465ee728b)
Start importing Assets using Guid(00000000000000001000000000000000) Importer(815301076,1909f56bfc062723c751e8b465ee728b)  -> (artifact id: '42d402b061de3733987d63b9cc3b64de') in 0.011905 seconds
  Import took 0.015440 seconds .

========================================================================
Received Import Request.
  Time since last request: 3.131483 seconds.
  path: Assets/Plugins
  artifactKey: Guid(84e2f3bab48e36b4694b7edd28623316) Importer(815301076,1909f56bfc062723c751e8b465ee728b)
Start importing Assets/Plugins using Guid(84e2f3bab48e36b4694b7edd28623316) Importer(815301076,1909f56bfc062723c751e8b465ee728b)  -> (artifact id: 'd24968198e5bbfb47b3d82a6d1d3ef1d') in 0.013928 seconds
  Import took 0.017903 seconds .

========================================================================
Received Prepare
Registering precompiled user dll's ...
Registered in 0.001242 seconds.
Begin MonoManager ReloadAssembly
Native extension for WindowsStandalone target not found
Refreshing native plugins compatible for Editor in 0.36 ms, found 1 plugins.
Preloading 0 native plugins for Editor in 0.00 ms.
Mono: successfully reloaded assembly
- Completed reload, in  0.995 seconds
Platform modules already initialized, skipping
Refreshing native plugins compatible for Editor in 0.35 ms, found 1 plugins.
Preloading 0 native plugins for Editor in 0.00 ms.
Unloading 1805 Unused Serialized files (Serialized files now loaded: 0)
System memory in use before: 84.9 MB.
System memory in use after: 84.8 MB.

Unloading 12 unused Assets to reduce memory usage. Loaded Objects now: 2256.
Total: 2.794400 ms (FindLiveObjects: 0.266000 ms CreateObjectMapping: 0.081400 ms MarkObjects: 2.290500 ms  DeleteObjects: 0.155100 ms)

========================================================================
Received Prepare
Registering precompiled user dll's ...
Registered in 0.001100 seconds.
Begin MonoManager ReloadAssembly
Native extension for WindowsStandalone target not found
Refreshing native plugins compatible for Editor in 0.39 ms, found 1 plugins.
Preloading 0 native plugins for Editor in 0.00 ms.
Mono: successfully reloaded assembly
- Completed reload, in  0.971 seconds
Platform modules already initialized, skipping
Refreshing native plugins compatible for Editor in 0.38 ms, found 1 plugins.
Preloading 0 native plugins for Editor in 0.00 ms.
Unloading 2045 Unused Serialized files (Serialized files now loaded: 0)
System memory in use before: 91.6 MB.
System memory in use after: 91.6 MB.

Unloading 12 unused Assets to reduce memory usage. Loaded Objects now: 2500.
Total: 2.632800 ms (FindLiveObjects: 0.201800 ms CreateObjectMapping: 0.122700 ms MarkObjects: 2.143800 ms  DeleteObjects: 0.163400 ms)

========================================================================
Received Import Request.
  Time since last request: 858.543843 seconds.
  path: Assets/Plugins/Scripts
  artifactKey: Guid(82e5fe77c365b71419aecf77f437a06d) Importer(815301076,1909f56bfc062723c751e8b465ee728b)
Start importing Assets/Plugins/Scripts using Guid(82e5fe77c365b71419aecf77f437a06d) Importer(815301076,1909f56bfc062723c751e8b465ee728b)  -> (artifact id: 'ddd6cb2313474b0be5f5c0c1ec25685f') in 0.014899 seconds
  Import took 0.019993 seconds .

========================================================================
Received Import Request.
  Time since last request: 22.988511 seconds.
  path: Assets/Plugins/Scripts/GameManager.cs
  artifactKey: Guid(7ef4f57a2b75f4c49a83b2b4d3ed717e) Importer(815301076,1909f56bfc062723c751e8b465ee728b)
Start importing Assets/Plugins/Scripts/GameManager.cs using Guid(7ef4f57a2b75f4c49a83b2b4d3ed717e) Importer(815301076,1909f56bfc062723c751e8b465ee728b)  -> (artifact id: '7ddc58f51f146117c2c39879f8c13ecd') in 0.041676 seconds
  Import took 0.045407 seconds .

========================================================================
Received Prepare
Registering precompiled user dll's ...
Registered in 0.001299 seconds.
Begin MonoManager ReloadAssembly
Native extension for WindowsStandalone target not found
Refreshing native plugins compatible for Editor in 0.56 ms, found 1 plugins.
Preloading 0 native plugins for Editor in 0.00 ms.
Mono: successfully reloaded assembly
- Completed reload, in  1.027 seconds
Platform modules already initialized, skipping
Refreshing native plugins compatible for Editor in 0.40 ms, found 1 plugins.
Preloading 0 native plugins for Editor in 0.00 ms.
Unloading 2046 Unused Serialized files (Serialized files now loaded: 0)
System memory in use before: 91.6 MB.
System memory in use after: 91.6 MB.

Unloading 12 unused Assets to reduce memory usage. Loaded Objects now: 2505.
Total: 2.972400 ms (FindLiveObjects: 0.208800 ms CreateObjectMapping: 0.140500 ms MarkObjects: 2.439700 ms  DeleteObjects: 0.181800 ms)

========================================================================
Received Prepare
Registering precompiled user dll's ...
Registered in 0.001095 seconds.
Begin MonoManager ReloadAssembly
Native extension for WindowsStandalone target not found
Refreshing native plugins compatible for Editor in 0.36 ms, found 1 plugins.
Preloading 0 native plugins for Editor in 0.00 ms.
Mono: successfully reloaded assembly
- Completed reload, in  1.010 seconds
Platform modules already initialized, skipping
Refreshing native plugins compatible for Editor in 0.36 ms, found 1 plugins.
Preloading 0 native plugins for Editor in 0.00 ms.
Unloading 2046 Unused Serialized files (Serialized files now loaded: 0)
System memory in use before: 91.7 MB.
System memory in use after: 91.7 MB.

Unloading 12 unused Assets to reduce memory usage. Loaded Objects now: 2509.
Total: 2.441400 ms (FindLiveObjects: 0.204500 ms CreateObjectMapping: 0.094000 ms MarkObjects: 2.026400 ms  DeleteObjects: 0.115300 ms)

========================================================================
Received Import Request.
  Time since last request: 90.939019 seconds.
  path: Assets/Plugins/Scripts/GameManager.cs
  artifactKey: Guid(7ef4f57a2b75f4c49a83b2b4d3ed717e) Importer(815301076,1909f56bfc062723c751e8b465ee728b)
Start importing Assets/Plugins/Scripts/GameManager.cs using Guid(7ef4f57a2b75f4c49a83b2b4d3ed717e) Importer(815301076,1909f56bfc062723c751e8b465ee728b)  -> (artifact id: '58eeb6bddc0b216533799554d9d01b42') in 0.006295 seconds
  Import took 0.010253 seconds .

========================================================================
Received Import Request.
  Time since last request: 19.102346 seconds.
  path: Assets/Resources
  artifactKey: Guid(8a2bac54bd1f5b44b96b8ff9899a5cb4) Importer(815301076,1909f56bfc062723c751e8b465ee728b)
Start importing Assets/Resources using Guid(8a2bac54bd1f5b44b96b8ff9899a5cb4) Importer(815301076,1909f56bfc062723c751e8b465ee728b)  -> (artifact id: '9a4e4a21fe0b1fc36d93fe73d521e056') in 0.015056 seconds
  Import took 0.018963 seconds .

========================================================================
Received Import Request.
  Time since last request: 21.035876 seconds.
  path: Assets/Resources/Charts
  artifactKey: Guid(bde2e44be04dfca4e99d03be32ca45c0) Importer(815301076,1909f56bfc062723c751e8b465ee728b)
Start importing Assets/Resources/Charts using Guid(bde2e44be04dfca4e99d03be32ca45c0) Importer(815301076,1909f56bfc062723c751e8b465ee728b)  -> (artifact id: 'a69a4f7b822443b560109540ec53fd62') in 0.013301 seconds
  Import took 0.019020 seconds .

========================================================================
Received Import Request.
  Time since last request: 1823.384151 seconds.
  path: Assets/Images
  artifactKey: Guid(9e40842b67ff4c24a8bb48becffc5a59) Importer(815301076,1909f56bfc062723c751e8b465ee728b)
Start importing Assets/Images using Guid(9e40842b67ff4c24a8bb48becffc5a59) Importer(815301076,1909f56bfc062723c751e8b465ee728b)  -> (artifact id: '35a63208628400919fc331532984d25b') in 0.013525 seconds
  Import took 0.018776 seconds .

========================================================================
Received Import Request.
  Time since last request: 79.635373 seconds.
  path: Assets/Prefabs
  artifactKey: Guid(2fc1cad1def822f4bb3a178331931593) Importer(815301076,1909f56bfc062723c751e8b465ee728b)
Start importing Assets/Prefabs using Guid(2fc1cad1def822f4bb3a178331931593) Importer(815301076,1909f56bfc062723c751e8b465ee728b)  -> (artifact id: '64e69e0786cb8e39e728820c7bbe9fc3') in 0.013936 seconds
  Import took 0.017701 seconds .

========================================================================
Received Import Request.
  Time since last request: 5.176196 seconds.
  path: Assets/Prefabs/Don.prefab
  artifactKey: Guid(a2ab303ee01b8ff44ab574864c4cf6be) Importer(815301076,1909f56bfc062723c751e8b465ee728b)
Start importing Assets/Prefabs/Don.prefab using Guid(a2ab303ee01b8ff44ab574864c4cf6be) Importer(815301076,1909f56bfc062723c751e8b465ee728b)  -> (artifact id: 'be6e9c9abde842564f474afd42473385') in 0.135390 seconds
  Import took 0.140856 seconds .

========================================================================
Received Import Request.
  Time since last request: 3.855479 seconds.
  path: Assets/Prefabs/Ka.prefab
  artifactKey: Guid(d408390549f9f244ea0e646ac3a5bdbf) Importer(815301076,1909f56bfc062723c751e8b465ee728b)
Start importing Assets/Prefabs/Ka.prefab using Guid(d408390549f9f244ea0e646ac3a5bdbf) Importer(815301076,1909f56bfc062723c751e8b465ee728b)  -> (artifact id: 'd15139289149be42f8a99f1c3448025e') in 0.031222 seconds
  Import took 0.035352 seconds .

========================================================================
Received Import Request.
  Time since last request: 0.006986 seconds.
  path: Assets/Prefabs/Ka.prefab
  artifactKey: Guid(d408390549f9f244ea0e646ac3a5bdbf) Importer(815301076,1909f56bfc062723c751e8b465ee728b)
Start importing Assets/Prefabs/Ka.prefab using Guid(d408390549f9f244ea0e646ac3a5bdbf) Importer(815301076,1909f56bfc062723c751e8b465ee728b)  -> (artifact id: 'd15139289149be42f8a99f1c3448025e') in 0.025531 seconds
  Import took 0.030833 seconds .

========================================================================
Received Import Request.
  Time since last request: 100.311686 seconds.
  path: Assets/Plugins/Scripts/NoteController.cs
  artifactKey: Guid(1985f60b11fad3f4ab2b16200bf9b932) Importer(815301076,1909f56bfc062723c751e8b465ee728b)
Start importing Assets/Plugins/Scripts/NoteController.cs using Guid(1985f60b11fad3f4ab2b16200bf9b932) Importer(815301076,1909f56bfc062723c751e8b465ee728b)  -> (artifact id: '9d667ceb23fb4e20e71fd667f6768e4b') in 0.009795 seconds
  Import took 0.014645 seconds .

========================================================================
Received Prepare
Registering precompiled user dll's ...
Registered in 0.001182 seconds.
Begin MonoManager ReloadAssembly
Native extension for WindowsStandalone target not found
Refreshing native plugins compatible for Editor in 0.36 ms, found 1 plugins.
Preloading 0 native plugins for Editor in 0.00 ms.
Mono: successfully reloaded assembly
- Completed reload, in  0.983 seconds
Platform modules already initialized, skipping
Refreshing native plugins compatible for Editor in 0.53 ms, found 1 plugins.
Preloading 0 native plugins for Editor in 0.00 ms.
Unloading 2047 Unused Serialized files (Serialized files now loaded: 0)
System memory in use before: 94.7 MB.
System memory in use after: 94.7 MB.

Unloading 12 unused Assets to reduce memory usage. Loaded Objects now: 2521.
Total: 2.764900 ms (FindLiveObjects: 0.220000 ms CreateObjectMapping: 0.082000 ms MarkObjects: 2.308000 ms  DeleteObjects: 0.153500 ms)

========================================================================
Received Import Request.
  Time since last request: 37.176763 seconds.
  path: Assets/Plugins/Scripts/NoteController.cs
  artifactKey: Guid(1985f60b11fad3f4ab2b16200bf9b932) Importer(815301076,1909f56bfc062723c751e8b465ee728b)
Start importing Assets/Plugins/Scripts/NoteController.cs using Guid(1985f60b11fad3f4ab2b16200bf9b932) Importer(815301076,1909f56bfc062723c751e8b465ee728b)  -> (artifact id: '2dd66bf2ba7576d176d6e57d5d90668a') in 0.007622 seconds
  Import took 0.011415 seconds .

========================================================================
Received Import Request.
  Time since last request: 58.742704 seconds.
  path: Assets/Prefabs/Don.prefab
  artifactKey: Guid(a2ab303ee01b8ff44ab574864c4cf6be) Importer(815301076,1909f56bfc062723c751e8b465ee728b)
Start importing Assets/Prefabs/Don.prefab using Guid(a2ab303ee01b8ff44ab574864c4cf6be) Importer(815301076,1909f56bfc062723c751e8b465ee728b)  -> (artifact id: 'e4aa77d8ef31bfe41e21e5c0ac5d2ec6') in 0.073001 seconds
  Import took 0.076954 seconds .

========================================================================
Received Import Request.
  Time since last request: 6.098253 seconds.
  path: Assets/Prefabs/Ka.prefab
  artifactKey: Guid(d408390549f9f244ea0e646ac3a5bdbf) Importer(815301076,1909f56bfc062723c751e8b465ee728b)
Start importing Assets/Prefabs/Ka.prefab using Guid(d408390549f9f244ea0e646ac3a5bdbf) Importer(815301076,1909f56bfc062723c751e8b465ee728b)  -> (artifact id: 'fed1593ac9dbe5500e1c46b32f497a8e') in 0.019389 seconds
  Import took 0.025109 seconds .

========================================================================
Received Import Request.
  Time since last request: 0.009214 seconds.
  path: Assets/Prefabs/Ka.prefab
  artifactKey: Guid(d408390549f9f244ea0e646ac3a5bdbf) Importer(815301076,1909f56bfc062723c751e8b465ee728b)
Start importing Assets/Prefabs/Ka.prefab using Guid(d408390549f9f244ea0e646ac3a5bdbf) Importer(815301076,1909f56bfc062723c751e8b465ee728b)  -> (artifact id: 'fed1593ac9dbe5500e1c46b32f497a8e') in 0.022058 seconds
  Import took 0.027717 seconds .

========================================================================
Received Prepare
Registering precompiled user dll's ...
Registered in 0.001141 seconds.
Begin MonoManager ReloadAssembly
Native extension for WindowsStandalone target not found
Refreshing native plugins compatible for Editor in 0.37 ms, found 1 plugins.
Preloading 0 native plugins for Editor in 0.00 ms.
Mono: successfully reloaded assembly
- Completed reload, in  1.019 seconds
Platform modules already initialized, skipping
Refreshing native plugins compatible for Editor in 0.36 ms, found 1 plugins.
Preloading 0 native plugins for Editor in 0.00 ms.
Unloading 2047 Unused Serialized files (Serialized files now loaded: 0)
System memory in use before: 94.7 MB.
System memory in use after: 94.7 MB.

Unloading 12 unused Assets to reduce memory usage. Loaded Objects now: 2526.
Total: 2.835500 ms (FindLiveObjects: 0.203700 ms CreateObjectMapping: 0.114600 ms MarkObjects: 2.289100 ms  DeleteObjects: 0.226400 ms)

========================================================================
Received Import Request.
  Time since last request: 211.852905 seconds.
  path: Assets/Plugins/Scripts/GameManager.cs
  artifactKey: Guid(7ef4f57a2b75f4c49a83b2b4d3ed717e) Importer(815301076,1909f56bfc062723c751e8b465ee728b)
Start importing Assets/Plugins/Scripts/GameManager.cs using Guid(7ef4f57a2b75f4c49a83b2b4d3ed717e) Importer(815301076,1909f56bfc062723c751e8b465ee728b)  -> (artifact id: '4c153b6ab705d781569942cc53d2a62e') in 0.007796 seconds
  Import took 0.011234 seconds .

========================================================================
Received Prepare
Registering precompiled user dll's ...
Registered in 0.001204 seconds.
Begin MonoManager ReloadAssembly
Native extension for WindowsStandalone target not found
Refreshing native plugins compatible for Editor in 0.64 ms, found 1 plugins.
Preloading 0 native plugins for Editor in 0.00 ms.
Mono: successfully reloaded assembly
- Completed reload, in  1.018 seconds
Platform modules already initialized, skipping
Refreshing native plugins compatible for Editor in 0.44 ms, found 1 plugins.
Preloading 0 native plugins for Editor in 0.00 ms.
Unloading 2047 Unused Serialized files (Serialized files now loaded: 0)
System memory in use before: 94.7 MB.
System memory in use after: 94.7 MB.

Unloading 12 unused Assets to reduce memory usage. Loaded Objects now: 2530.
Total: 2.451600 ms (FindLiveObjects: 0.249200 ms CreateObjectMapping: 0.084900 ms MarkObjects: 1.961500 ms  DeleteObjects: 0.154800 ms)

========================================================================
Received Prepare
Registering precompiled user dll's ...
Registered in 0.001068 seconds.
Begin MonoManager ReloadAssembly
Native extension for WindowsStandalone target not found
Refreshing native plugins compatible for Editor in 0.55 ms, found 1 plugins.
Preloading 0 native plugins for Editor in 0.00 ms.
Mono: successfully reloaded assembly
- Completed reload, in  1.088 seconds
Platform modules already initialized, skipping
Refreshing native plugins compatible for Editor in 0.40 ms, found 1 plugins.
Preloading 0 native plugins for Editor in 0.00 ms.
Unloading 2047 Unused Serialized files (Serialized files now loaded: 0)
System memory in use before: 94.7 MB.
System memory in use after: 94.7 MB.

Unloading 12 unused Assets to reduce memory usage. Loaded Objects now: 2534.
Total: 2.463000 ms (FindLiveObjects: 0.207700 ms CreateObjectMapping: 0.069900 ms MarkObjects: 1.968300 ms  DeleteObjects: 0.216000 ms)

========================================================================
Received Prepare
Registering precompiled user dll's ...
Registered in 0.001476 seconds.
Begin MonoManager ReloadAssembly
Native extension for WindowsStandalone target not found
Refreshing native plugins compatible for Editor in 0.36 ms, found 1 plugins.
Preloading 0 native plugins for Editor in 0.00 ms.
Mono: successfully reloaded assembly
- Completed reload, in  1.005 seconds
Platform modules already initialized, skipping
Refreshing native plugins compatible for Editor in 0.36 ms, found 1 plugins.
Preloading 0 native plugins for Editor in 0.00 ms.
Unloading 2047 Unused Serialized files (Serialized files now loaded: 0)
System memory in use before: 94.8 MB.
System memory in use after: 94.7 MB.

Unloading 12 unused Assets to reduce memory usage. Loaded Objects now: 2538.
Total: 2.502100 ms (FindLiveObjects: 0.319400 ms CreateObjectMapping: 0.088400 ms MarkObjects: 1.932900 ms  DeleteObjects: 0.160400 ms)

========================================================================
Received Prepare
Registering precompiled user dll's ...
Registered in 0.001184 seconds.
Begin MonoManager ReloadAssembly
Native extension for WindowsStandalone target not found
Refreshing native plugins compatible for Editor in 0.37 ms, found 1 plugins.
Preloading 0 native plugins for Editor in 0.00 ms.
Mono: successfully reloaded assembly
- Completed reload, in  1.001 seconds
Platform modules already initialized, skipping
Refreshing native plugins compatible for Editor in 0.38 ms, found 1 plugins.
Preloading 0 native plugins for Editor in 0.00 ms.
Unloading 2047 Unused Serialized files (Serialized files now loaded: 0)
System memory in use before: 94.8 MB.
System memory in use after: 94.7 MB.

Unloading 12 unused Assets to reduce memory usage. Loaded Objects now: 2542.
Total: 2.661500 ms (FindLiveObjects: 0.289100 ms CreateObjectMapping: 0.104100 ms MarkObjects: 2.097600 ms  DeleteObjects: 0.169300 ms)

========================================================================
Received Prepare
Registering precompiled user dll's ...
Registered in 0.001133 seconds.
Begin MonoManager ReloadAssembly
Native extension for WindowsStandalone target not found
Refreshing native plugins compatible for Editor in 0.38 ms, found 1 plugins.
Preloading 0 native plugins for Editor in 0.00 ms.
Mono: successfully reloaded assembly
- Completed reload, in  1.045 seconds
Platform modules already initialized, skipping
Refreshing native plugins compatible for Editor in 0.38 ms, found 1 plugins.
Preloading 0 native plugins for Editor in 0.00 ms.
Unloading 2047 Unused Serialized files (Serialized files now loaded: 0)
System memory in use before: 94.8 MB.
System memory in use after: 94.7 MB.

Unloading 12 unused Assets to reduce memory usage. Loaded Objects now: 2546.
Total: 2.506600 ms (FindLiveObjects: 0.257900 ms CreateObjectMapping: 0.101000 ms MarkObjects: 2.014200 ms  DeleteObjects: 0.132100 ms)

========================================================================
Received Prepare
Registering precompiled user dll's ...
Registered in 0.001769 seconds.
Begin MonoManager ReloadAssembly
Native extension for WindowsStandalone target not found
Refreshing native plugins compatible for Editor in 0.66 ms, found 1 plugins.
Preloading 0 native plugins for Editor in 0.00 ms.
Mono: successfully reloaded assembly
- Completed reload, in  1.081 seconds
Platform modules already initialized, skipping
Refreshing native plugins compatible for Editor in 0.41 ms, found 1 plugins.
Preloading 0 native plugins for Editor in 0.00 ms.
Unloading 2047 Unused Serialized files (Serialized files now loaded: 0)
System memory in use before: 94.8 MB.
System memory in use after: 94.8 MB.

Unloading 12 unused Assets to reduce memory usage. Loaded Objects now: 2550.
Total: 2.387500 ms (FindLiveObjects: 0.259500 ms CreateObjectMapping: 0.079000 ms MarkObjects: 1.893400 ms  DeleteObjects: 0.154500 ms)

========================================================================
Received Prepare
Registering precompiled user dll's ...
Registered in 0.001094 seconds.
Begin MonoManager ReloadAssembly
Native extension for WindowsStandalone target not found
Refreshing native plugins compatible for Editor in 0.40 ms, found 1 plugins.
Preloading 0 native plugins for Editor in 0.00 ms.
Mono: successfully reloaded assembly
- Completed reload, in  1.032 seconds
Platform modules already initialized, skipping
Refreshing native plugins compatible for Editor in 0.38 ms, found 1 plugins.
Preloading 0 native plugins for Editor in 0.00 ms.
Unloading 2047 Unused Serialized files (Serialized files now loaded: 0)
System memory in use before: 94.8 MB.
System memory in use after: 94.8 MB.

Unloading 12 unused Assets to reduce memory usage. Loaded Objects now: 2554.
Total: 2.090100 ms (FindLiveObjects: 0.190600 ms CreateObjectMapping: 0.086300 ms MarkObjects: 1.621300 ms  DeleteObjects: 0.190800 ms)

========================================================================
Received Prepare
Registering precompiled user dll's ...
Registered in 0.001192 seconds.
Begin MonoManager ReloadAssembly
Native extension for WindowsStandalone target not found
Refreshing native plugins compatible for Editor in 0.41 ms, found 1 plugins.
Preloading 0 native plugins for Editor in 0.00 ms.
Mono: successfully reloaded assembly
- Completed reload, in  0.990 seconds
Platform modules already initialized, skipping
Refreshing native plugins compatible for Editor in 0.72 ms, found 1 plugins.
Preloading 0 native plugins for Editor in 0.00 ms.
Unloading 2047 Unused Serialized files (Serialized files now loaded: 0)
System memory in use before: 94.8 MB.
System memory in use after: 94.8 MB.

Unloading 12 unused Assets to reduce memory usage. Loaded Objects now: 2558.
Total: 2.747500 ms (FindLiveObjects: 0.334400 ms CreateObjectMapping: 0.070400 ms MarkObjects: 2.179400 ms  DeleteObjects: 0.162200 ms)

========================================================================
Received Prepare
Registering precompiled user dll's ...
Registered in 0.001141 seconds.
Begin MonoManager ReloadAssembly
Native extension for WindowsStandalone target not found
Refreshing native plugins compatible for Editor in 0.39 ms, found 1 plugins.
Preloading 0 native plugins for Editor in 0.00 ms.
Mono: successfully reloaded assembly
- Completed reload, in  1.085 seconds
Platform modules already initialized, skipping
Refreshing native plugins compatible for Editor in 0.79 ms, found 1 plugins.
Preloading 0 native plugins for Editor in 0.00 ms.
Unloading 2047 Unused Serialized files (Serialized files now loaded: 0)
System memory in use before: 94.8 MB.
System memory in use after: 94.8 MB.

Unloading 12 unused Assets to reduce memory usage. Loaded Objects now: 2562.
Total: 2.537600 ms (FindLiveObjects: 0.202700 ms CreateObjectMapping: 0.081800 ms MarkObjects: 2.077700 ms  DeleteObjects: 0.174400 ms)

========================================================================
Received Prepare
Registering precompiled user dll's ...
Registered in 0.001781 seconds.
Begin MonoManager ReloadAssembly
Native extension for WindowsStandalone target not found
Refreshing native plugins compatible for Editor in 0.76 ms, found 1 plugins.
Preloading 0 native plugins for Editor in 0.00 ms.
Mono: successfully reloaded assembly
- Completed reload, in  1.356 seconds
Platform modules already initialized, skipping
Refreshing native plugins compatible for Editor in 0.43 ms, found 1 plugins.
Preloading 0 native plugins for Editor in 0.00 ms.
Unloading 2047 Unused Serialized files (Serialized files now loaded: 0)
System memory in use before: 94.8 MB.
System memory in use after: 94.8 MB.

Unloading 12 unused Assets to reduce memory usage. Loaded Objects now: 2566.
Total: 2.977900 ms (FindLiveObjects: 0.326700 ms CreateObjectMapping: 0.203200 ms MarkObjects: 2.292500 ms  DeleteObjects: 0.153700 ms)

========================================================================
Received Prepare
Registering precompiled user dll's ...
Registered in 0.001307 seconds.
Begin MonoManager ReloadAssembly
Native extension for WindowsStandalone target not found
Refreshing native plugins compatible for Editor in 0.36 ms, found 1 plugins.
Preloading 0 native plugins for Editor in 0.00 ms.
Mono: successfully reloaded assembly
- Completed reload, in  1.041 seconds
Platform modules already initialized, skipping
Refreshing native plugins compatible for Editor in 0.42 ms, found 1 plugins.
Preloading 0 native plugins for Editor in 0.00 ms.
Unloading 2047 Unused Serialized files (Serialized files now loaded: 0)
System memory in use before: 94.8 MB.
System memory in use after: 94.8 MB.

Unloading 12 unused Assets to reduce memory usage. Loaded Objects now: 2570.
Total: 2.285000 ms (FindLiveObjects: 0.246900 ms CreateObjectMapping: 0.087500 ms MarkObjects: 1.817800 ms  DeleteObjects: 0.131500 ms)

========================================================================
Received Prepare
Registering precompiled user dll's ...
Registered in 0.001603 seconds.
Begin MonoManager ReloadAssembly
Native extension for WindowsStandalone target not found
Refreshing native plugins compatible for Editor in 0.37 ms, found 1 plugins.
Preloading 0 native plugins for Editor in 0.00 ms.
Mono: successfully reloaded assembly
- Completed reload, in  1.048 seconds
Platform modules already initialized, skipping
Refreshing native plugins compatible for Editor in 0.41 ms, found 1 plugins.
Preloading 0 native plugins for Editor in 0.00 ms.
Unloading 2047 Unused Serialized files (Serialized files now loaded: 0)
System memory in use before: 94.8 MB.
System memory in use after: 94.8 MB.

Unloading 12 unused Assets to reduce memory usage. Loaded Objects now: 2574.
Total: 2.548200 ms (FindLiveObjects: 0.185300 ms CreateObjectMapping: 0.079200 ms MarkObjects: 2.143200 ms  DeleteObjects: 0.139400 ms)

========================================================================
Received Prepare
Registering precompiled user dll's ...
Registered in 0.001318 seconds.
Begin MonoManager ReloadAssembly
Native extension for WindowsStandalone target not found
Refreshing native plugins compatible for Editor in 0.36 ms, found 1 plugins.
Preloading 0 native plugins for Editor in 0.00 ms.
Mono: successfully reloaded assembly
- Completed reload, in  1.057 seconds
Platform modules already initialized, skipping
Refreshing native plugins compatible for Editor in 0.51 ms, found 1 plugins.
Preloading 0 native plugins for Editor in 0.00 ms.
Unloading 2047 Unused Serialized files (Serialized files now loaded: 0)
System memory in use before: 94.8 MB.
System memory in use after: 94.8 MB.

Unloading 12 unused Assets to reduce memory usage. Loaded Objects now: 2578.
Total: 3.765000 ms (FindLiveObjects: 0.609900 ms CreateObjectMapping: 0.204900 ms MarkObjects: 2.644500 ms  DeleteObjects: 0.303900 ms)

========================================================================
Received Prepare
Registering precompiled user dll's ...
Registered in 0.001129 seconds.
Begin MonoManager ReloadAssembly
Native extension for WindowsStandalone target not found
Refreshing native plugins compatible for Editor in 0.50 ms, found 1 plugins.
Preloading 0 native plugins for Editor in 0.00 ms.
Mono: successfully reloaded assembly
- Completed reload, in  1.015 seconds
Platform modules already initialized, skipping
Refreshing native plugins compatible for Editor in 0.35 ms, found 1 plugins.
Preloading 0 native plugins for Editor in 0.00 ms.
Unloading 2047 Unused Serialized files (Serialized files now loaded: 0)
System memory in use before: 94.9 MB.
System memory in use after: 94.8 MB.

Unloading 12 unused Assets to reduce memory usage. Loaded Objects now: 2582.
Total: 2.314300 ms (FindLiveObjects: 0.183000 ms CreateObjectMapping: 0.078600 ms MarkObjects: 1.900300 ms  DeleteObjects: 0.151500 ms)

========================================================================
Received Import Request.
  Time since last request: 1060.382119 seconds.
  path: Assets/Plugins/Scripts/GameManager.cs
  artifactKey: Guid(7ef4f57a2b75f4c49a83b2b4d3ed717e) Importer(815301076,1909f56bfc062723c751e8b465ee728b)
Start importing Assets/Plugins/Scripts/GameManager.cs using Guid(7ef4f57a2b75f4c49a83b2b4d3ed717e) Importer(815301076,1909f56bfc062723c751e8b465ee728b)  -> (artifact id: '868cb1e8c7063366355a11bff9ebcc3a') in 0.010104 seconds
  Import took 0.013872 seconds .

========================================================================
Received Prepare
Registering precompiled user dll's ...
Registered in 0.001583 seconds.
Begin MonoManager ReloadAssembly
Native extension for WindowsStandalone target not found
Refreshing native plugins compatible for Editor in 0.37 ms, found 1 plugins.
Preloading 0 native plugins for Editor in 0.00 ms.
Mono: successfully reloaded assembly
- Completed reload, in  1.056 seconds
Platform modules already initialized, skipping
Refreshing native plugins compatible for Editor in 0.40 ms, found 1 plugins.
Preloading 0 native plugins for Editor in 0.00 ms.
Unloading 2047 Unused Serialized files (Serialized files now loaded: 0)
System memory in use before: 94.9 MB.
System memory in use after: 94.8 MB.

Unloading 12 unused Assets to reduce memory usage. Loaded Objects now: 2586.
Total: 2.617600 ms (FindLiveObjects: 0.213500 ms CreateObjectMapping: 0.072300 ms MarkObjects: 2.082100 ms  DeleteObjects: 0.248400 ms)

========================================================================
Received Import Request.
  Time since last request: 460.706121 seconds.
  path: Assets/Resources/Charts/Sample.json
  artifactKey: Guid(163242530ac88454e922744b9e810c66) Importer(815301076,1909f56bfc062723c751e8b465ee728b)
Start importing Assets/Resources/Charts/Sample.json using Guid(163242530ac88454e922744b9e810c66) Importer(815301076,1909f56bfc062723c751e8b465ee728b)  -> (artifact id: '329533dce2741deb7789d2df46374b6d') in 0.031076 seconds
  Import took 0.034922 seconds .

========================================================================
Received Import Request.
  Time since last request: 25156.411359 seconds.
  path: Assets/Images/Sushi_0.png
  artifactKey: Guid(2fb5e960f2d40ac4aa8efcdb1fd83d99) Importer(815301076,1909f56bfc062723c751e8b465ee728b)
Start importing Assets/Images/Sushi_0.png using Guid(2fb5e960f2d40ac4aa8efcdb1fd83d99) Importer(815301076,1909f56bfc062723c751e8b465ee728b)  -> (artifact id: 'dd8315560257c4088acb366c99f6b557') in 0.074509 seconds
  Import took 0.078966 seconds .

========================================================================
Received Import Request.
  Time since last request: 21.416349 seconds.
  path: Assets/Prefabs/Ka.prefab
  artifactKey: Guid(d408390549f9f244ea0e646ac3a5bdbf) Importer(815301076,1909f56bfc062723c751e8b465ee728b)
Start importing Assets/Prefabs/Ka.prefab using Guid(d408390549f9f244ea0e646ac3a5bdbf) Importer(815301076,1909f56bfc062723c751e8b465ee728b)  -> (artifact id: '1aa5df4390d66556c9a1c0de78649fe1') in 0.050247 seconds
  Import took 0.055795 seconds .

========================================================================
Received Prepare
Registering precompiled user dll's ...
Registered in 0.001188 seconds.
Begin MonoManager ReloadAssembly
Native extension for WindowsStandalone target not found
Refreshing native plugins compatible for Editor in 0.38 ms, found 1 plugins.
Preloading 0 native plugins for Editor in 0.00 ms.
Mono: successfully reloaded assembly
- Completed reload, in  1.050 seconds
Platform modules already initialized, skipping
Refreshing native plugins compatible for Editor in 0.47 ms, found 1 plugins.
Preloading 0 native plugins for Editor in 0.00 ms.
Unloading 2047 Unused Serialized files (Serialized files now loaded: 0)
System memory in use before: 94.9 MB.
System memory in use after: 94.9 MB.

Unloading 12 unused Assets to reduce memory usage. Loaded Objects now: 2594.
Total: 2.444300 ms (FindLiveObjects: 0.205500 ms CreateObjectMapping: 0.075000 ms MarkObjects: 1.994400 ms  DeleteObjects: 0.168100 ms)

========================================================================
Received Import Request.
  Time since last request: 180.440371 seconds.
  path: Assets/Plugins/Scripts/SoundEffectManager.cs
  artifactKey: Guid(48ec63cdf6bf43c4ea12cd21920e3c58) Importer(815301076,1909f56bfc062723c751e8b465ee728b)
Start importing Assets/Plugins/Scripts/SoundEffectManager.cs using Guid(48ec63cdf6bf43c4ea12cd21920e3c58) Importer(815301076,1909f56bfc062723c751e8b465ee728b)  -> (artifact id: 'a614d95890fc3c27c38e2d94fbb15222') in 0.014225 seconds
  Import took 0.017990 seconds .

========================================================================
Received Import Request.
  Time since last request: 0.000700 seconds.
  path: Assets/Plugins/Scripts/SoundEffectManager.cs
  artifactKey: Guid(48ec63cdf6bf43c4ea12cd21920e3c58) Importer(815301076,1909f56bfc062723c751e8b465ee728b)
Start importing Assets/Plugins/Scripts/SoundEffectManager.cs using Guid(48ec63cdf6bf43c4ea12cd21920e3c58) Importer(815301076,1909f56bfc062723c751e8b465ee728b)  -> (artifact id: 'a614d95890fc3c27c38e2d94fbb15222') in 0.003848 seconds
  Import took 0.008247 seconds .

========================================================================
Received Prepare
Registering precompiled user dll's ...
Registered in 0.001528 seconds.
Begin MonoManager ReloadAssembly
Native extension for WindowsStandalone target not found
Refreshing native plugins compatible for Editor in 0.89 ms, found 1 plugins.
Preloading 0 native plugins for Editor in 0.00 ms.
Mono: successfully reloaded assembly
- Completed reload, in  1.134 seconds
Platform modules already initialized, skipping
Refreshing native plugins compatible for Editor in 0.36 ms, found 1 plugins.
Preloading 0 native plugins for Editor in 0.00 ms.
Unloading 2048 Unused Serialized files (Serialized files now loaded: 0)
System memory in use before: 94.9 MB.
System memory in use after: 94.9 MB.

Unloading 12 unused Assets to reduce memory usage. Loaded Objects now: 2599.
Total: 2.651100 ms (FindLiveObjects: 0.183000 ms CreateObjectMapping: 0.073900 ms MarkObjects: 2.206600 ms  DeleteObjects: 0.186700 ms)

========================================================================
Received Prepare
Registering precompiled user dll's ...
Registered in 0.001150 seconds.
Begin MonoManager ReloadAssembly
Native extension for WindowsStandalone target not found
Refreshing native plugins compatible for Editor in 0.40 ms, found 1 plugins.
Preloading 0 native plugins for Editor in 0.00 ms.
Mono: successfully reloaded assembly
- Completed reload, in  1.118 seconds
Platform modules already initialized, skipping
Refreshing native plugins compatible for Editor in 0.36 ms, found 1 plugins.
Preloading 0 native plugins for Editor in 0.00 ms.
Unloading 2048 Unused Serialized files (Serialized files now loaded: 0)
System memory in use before: 94.9 MB.
System memory in use after: 94.9 MB.

Unloading 12 unused Assets to reduce memory usage. Loaded Objects now: 2603.
Total: 2.256800 ms (FindLiveObjects: 0.214500 ms CreateObjectMapping: 0.071500 ms MarkObjects: 1.803000 ms  DeleteObjects: 0.166800 ms)

========================================================================
Received Import Request.
  Time since last request: 30.988176 seconds.
  path: Assets/Plugins/Scripts/SoundEffectManager.cs
  artifactKey: Guid(48ec63cdf6bf43c4ea12cd21920e3c58) Importer(815301076,1909f56bfc062723c751e8b465ee728b)
Start importing Assets/Plugins/Scripts/SoundEffectManager.cs using Guid(48ec63cdf6bf43c4ea12cd21920e3c58) Importer(815301076,1909f56bfc062723c751e8b465ee728b)  -> (artifact id: '6de5127bff364a7b3e4f41cb85f209b0') in 0.006645 seconds
  Import took 0.010665 seconds .

========================================================================
Received Import Request.
  Time since last request: 454.281203 seconds.
  path: Assets/Sounds
  artifactKey: Guid(a225b6dd81b182a40817a064d8f7c79b) Importer(815301076,1909f56bfc062723c751e8b465ee728b)
Start importing Assets/Sounds using Guid(a225b6dd81b182a40817a064d8f7c79b) Importer(815301076,1909f56bfc062723c751e8b465ee728b)  -> (artifact id: '1c74db07fd0002ae6d5d453344ba9f43') in 0.011281 seconds
  Import took 0.015340 seconds .

========================================================================
Received Prepare
Registering precompiled user dll's ...
Registered in 0.001182 seconds.
Begin MonoManager ReloadAssembly
Native extension for WindowsStandalone target not found
Refreshing native plugins compatible for Editor in 0.36 ms, found 1 plugins.
Preloading 0 native plugins for Editor in 0.00 ms.
Mono: successfully reloaded assembly
- Completed reload, in  1.018 seconds
Platform modules already initialized, skipping
Refreshing native plugins compatible for Editor in 0.40 ms, found 1 plugins.
Preloading 0 native plugins for Editor in 0.00 ms.
Unloading 2048 Unused Serialized files (Serialized files now loaded: 0)
System memory in use before: 94.9 MB.
System memory in use after: 94.9 MB.

Unloading 12 unused Assets to reduce memory usage. Loaded Objects now: 2607.
Total: 2.280500 ms (FindLiveObjects: 0.216000 ms CreateObjectMapping: 0.071000 ms MarkObjects: 1.820900 ms  DeleteObjects: 0.167900 ms)

========================================================================
Received Import Request.
  Time since last request: 231.793592 seconds.
  path: Assets/Scripts
  artifactKey: Guid(066771f12a534924ea07408834584889) Importer(815301076,1909f56bfc062723c751e8b465ee728b)
Start importing Assets/Scripts using Guid(066771f12a534924ea07408834584889) Importer(815301076,1909f56bfc062723c751e8b465ee728b)  -> (artifact id: '9cd47d6ac6044ac641b055641e11bc33') in 0.012215 seconds
  Import took 0.018919 seconds .

========================================================================
Received Import Request.
  Time since last request: 0.001345 seconds.
  path: Assets/Scripts
  artifactKey: Guid(066771f12a534924ea07408834584889) Importer(815301076,1909f56bfc062723c751e8b465ee728b)
Start importing Assets/Scripts using Guid(066771f12a534924ea07408834584889) Importer(815301076,1909f56bfc062723c751e8b465ee728b)  -> (artifact id: '9cd47d6ac6044ac641b055641e11bc33') in 0.004128 seconds
  Import took 0.008776 seconds .

========================================================================
Received Import Request.
  Time since last request: 21.343464 seconds.
  path: Assets/Scripts/MessageEffectManager.cs
  artifactKey: Guid(77cde578f828f1b4dba5cee2d216e268) Importer(815301076,1909f56bfc062723c751e8b465ee728b)
Start importing Assets/Scripts/MessageEffectManager.cs using Guid(77cde578f828f1b4dba5cee2d216e268) Importer(815301076,1909f56bfc062723c751e8b465ee728b)  -> (artifact id: '45ea42bbb56446d55d45f37abac50c5a') in 0.011193 seconds
  Import took 0.014925 seconds .

========================================================================
Received Prepare
Registering precompiled user dll's ...
Registered in 0.001145 seconds.
Begin MonoManager ReloadAssembly
Native extension for WindowsStandalone target not found
Refreshing native plugins compatible for Editor in 0.36 ms, found 1 plugins.
Preloading 0 native plugins for Editor in 0.00 ms.
Mono: successfully reloaded assembly
- Completed reload, in  1.099 seconds
Platform modules already initialized, skipping
Refreshing native plugins compatible for Editor in 0.36 ms, found 1 plugins.
Preloading 0 native plugins for Editor in 0.00 ms.
Unloading 2049 Unused Serialized files (Serialized files now loaded: 0)
System memory in use before: 95.0 MB.
System memory in use after: 95.0 MB.

Unloading 12 unused Assets to reduce memory usage. Loaded Objects now: 2612.
Total: 2.485800 ms (FindLiveObjects: 0.206500 ms CreateObjectMapping: 0.067600 ms MarkObjects: 2.072600 ms  DeleteObjects: 0.138100 ms)

========================================================================
Received Prepare
Registering precompiled user dll's ...
Registered in 0.001097 seconds.
Begin MonoManager ReloadAssembly
Native extension for WindowsStandalone target not found
Refreshing native plugins compatible for Editor in 0.75 ms, found 1 plugins.
Preloading 0 native plugins for Editor in 0.00 ms.
Mono: successfully reloaded assembly
- Completed reload, in  1.030 seconds
Platform modules already initialized, skipping
Refreshing native plugins compatible for Editor in 0.36 ms, found 1 plugins.
Preloading 0 native plugins for Editor in 0.00 ms.
Unloading 2049 Unused Serialized files (Serialized files now loaded: 0)
System memory in use before: 95.0 MB.
System memory in use after: 95.0 MB.

Unloading 12 unused Assets to reduce memory usage. Loaded Objects now: 2616.
Total: 2.560600 ms (FindLiveObjects: 0.233100 ms CreateObjectMapping: 0.076600 ms MarkObjects: 2.076800 ms  DeleteObjects: 0.173200 ms)

========================================================================
Received Import Request.
  Time since last request: 108.156134 seconds.
  path: Assets/Scripts/MessageEffectManager.cs
  artifactKey: Guid(77cde578f828f1b4dba5cee2d216e268) Importer(815301076,1909f56bfc062723c751e8b465ee728b)
Start importing Assets/Scripts/MessageEffectManager.cs using Guid(77cde578f828f1b4dba5cee2d216e268) Importer(815301076,1909f56bfc062723c751e8b465ee728b)  -> (artifact id: '0e63e85009535035f3a30fa2b8e66046') in 0.007217 seconds
  Import took 0.011009 seconds .

========================================================================
Received Import Request.
  Time since last request: 210.593297 seconds.
  path: Assets/Images/mark_circle_ng.png
  artifactKey: Guid(0f94f9d7c1d5d954a980fd88313530a3) Importer(815301076,1909f56bfc062723c751e8b465ee728b)
Start importing Assets/Images/mark_circle_ng.png using Guid(0f94f9d7c1d5d954a980fd88313530a3) Importer(815301076,1909f56bfc062723c751e8b465ee728b)  -> (artifact id: 'edea3b510209e4b7f054fc6889ccda20') in 0.078967 seconds
  Import took 0.083547 seconds .

========================================================================
Received Import Request.
  Time since last request: 0.000774 seconds.
  path: Assets/Images/mark_circle_ng.png
  artifactKey: Guid(0f94f9d7c1d5d954a980fd88313530a3) Importer(815301076,1909f56bfc062723c751e8b465ee728b)
Start importing Assets/Images/mark_circle_ng.png using Guid(0f94f9d7c1d5d954a980fd88313530a3) Importer(815301076,1909f56bfc062723c751e8b465ee728b)  -> (artifact id: 'edea3b510209e4b7f054fc6889ccda20') in 0.028523 seconds
  Import took 0.032865 seconds .

========================================================================
Received Import Request.
  Time since last request: 0.490599 seconds.
  path: Assets/Images/mark_circle_ok.png
  artifactKey: Guid(9e5015488e9c08c40b0950d4a721de63) Importer(815301076,1909f56bfc062723c751e8b465ee728b)
Start importing Assets/Images/mark_circle_ok.png using Guid(9e5015488e9c08c40b0950d4a721de63) Importer(815301076,1909f56bfc062723c751e8b465ee728b)  -> (artifact id: 'a2466c7a062d7ae23956b0f4bf247c5a') in 0.021053 seconds
  Import took 0.024925 seconds .

========================================================================
Received Prepare
Registering precompiled user dll's ...
Registered in 0.001156 seconds.
Begin MonoManager ReloadAssembly
Native extension for WindowsStandalone target not found
Refreshing native plugins compatible for Editor in 0.36 ms, found 1 plugins.
Preloading 0 native plugins for Editor in 0.00 ms.
Mono: successfully reloaded assembly
- Completed reload, in  1.008 seconds
Platform modules already initialized, skipping
Refreshing native plugins compatible for Editor in 0.38 ms, found 1 plugins.
Preloading 0 native plugins for Editor in 0.00 ms.
Unloading 2049 Unused Serialized files (Serialized files now loaded: 0)
System memory in use before: 95.0 MB.
System memory in use after: 95.0 MB.

Unloading 12 unused Assets to reduce memory usage. Loaded Objects now: 2622.
Total: 3.130200 ms (FindLiveObjects: 0.438400 ms CreateObjectMapping: 0.238400 ms MarkObjects: 2.284000 ms  DeleteObjects: 0.167700 ms)

========================================================================
Received Import Request.
  Time since last request: 178.405163 seconds.
  path: Assets/Resources/Charts/ShainingStar.mp3
  artifactKey: Guid(e1e1fcf4f4109164fa08c1c335e8e116) Importer(815301076,1909f56bfc062723c751e8b465ee728b)
Start importing Assets/Resources/Charts/ShainingStar.mp3 using Guid(e1e1fcf4f4109164fa08c1c335e8e116) Importer(815301076,1909f56bfc062723c751e8b465ee728b)  -> (artifact id: 'c40945c5773a0b11a2b809f455f6ebbf') in 0.067772 seconds
  Import took 0.071683 seconds .

========================================================================
Received Import Request.
  Time since last request: 0.001183 seconds.
  path: Assets/Resources/Charts/ShainingStar.mp3
  artifactKey: Guid(e1e1fcf4f4109164fa08c1c335e8e116) Importer(815301076,1909f56bfc062723c751e8b465ee728b)
Start importing Assets/Resources/Charts/ShainingStar.mp3 using Guid(e1e1fcf4f4109164fa08c1c335e8e116) Importer(815301076,1909f56bfc062723c751e8b465ee728b)  -> (artifact id: 'c40945c5773a0b11a2b809f455f6ebbf') in 0.011793 seconds
  Import took 0.016269 seconds .

========================================================================
Received Prepare
Registering precompiled user dll's ...
Registered in 0.001765 seconds.
Begin MonoManager ReloadAssembly
Native extension for WindowsStandalone target not found
Refreshing native plugins compatible for Editor in 0.37 ms, found 1 plugins.
Preloading 0 native plugins for Editor in 0.00 ms.
Mono: successfully reloaded assembly
- Completed reload, in  1.029 seconds
Platform modules already initialized, skipping
Refreshing native plugins compatible for Editor in 0.36 ms, found 1 plugins.
Preloading 0 native plugins for Editor in 0.00 ms.
Unloading 2049 Unused Serialized files (Serialized files now loaded: 0)
System memory in use before: 95.0 MB.
System memory in use after: 95.0 MB.

Unloading 12 unused Assets to reduce memory usage. Loaded Objects now: 2629.
Total: 2.434400 ms (FindLiveObjects: 0.202200 ms CreateObjectMapping: 0.075000 ms MarkObjects: 2.008200 ms  DeleteObjects: 0.148100 ms)

========================================================================
Received Prepare
Registering precompiled user dll's ...
Registered in 0.001117 seconds.
Begin MonoManager ReloadAssembly
Native extension for WindowsStandalone target not found
Refreshing native plugins compatible for Editor in 0.37 ms, found 1 plugins.
Preloading 0 native plugins for Editor in 0.00 ms.
Mono: successfully reloaded assembly
- Completed reload, in  1.008 seconds
Platform modules already initialized, skipping
Refreshing native plugins compatible for Editor in 0.38 ms, found 1 plugins.
Preloading 0 native plugins for Editor in 0.00 ms.
Unloading 2049 Unused Serialized files (Serialized files now loaded: 0)
System memory in use before: 95.1 MB.
System memory in use after: 95.0 MB.

Unloading 12 unused Assets to reduce memory usage. Loaded Objects now: 2633.
Total: 2.591700 ms (FindLiveObjects: 0.229600 ms CreateObjectMapping: 0.088200 ms MarkObjects: 2.141200 ms  DeleteObjects: 0.131300 ms)

========================================================================
Received Prepare
Registering precompiled user dll's ...
Registered in 0.001148 seconds.
Begin MonoManager ReloadAssembly
Native extension for WindowsStandalone target not found
Refreshing native plugins compatible for Editor in 0.78 ms, found 1 plugins.
Preloading 0 native plugins for Editor in 0.00 ms.
Mono: successfully reloaded assembly
- Completed reload, in  1.210 seconds
Platform modules already initialized, skipping
Refreshing native plugins compatible for Editor in 0.74 ms, found 1 plugins.
Preloading 0 native plugins for Editor in 0.00 ms.
Unloading 2049 Unused Serialized files (Serialized files now loaded: 0)
System memory in use before: 95.1 MB.
System memory in use after: 95.0 MB.

Unloading 12 unused Assets to reduce memory usage. Loaded Objects now: 2637.
Total: 2.364200 ms (FindLiveObjects: 0.218900 ms CreateObjectMapping: 0.115200 ms MarkObjects: 1.911500 ms  DeleteObjects: 0.117400 ms)

========================================================================
Received Import Request.
  Time since last request: 375.075520 seconds.
  path: Assets/Prefabs/Don.prefab
  artifactKey: Guid(a2ab303ee01b8ff44ab574864c4cf6be) Importer(815301076,1909f56bfc062723c751e8b465ee728b)
Start importing Assets/Prefabs/Don.prefab using Guid(a2ab303ee01b8ff44ab574864c4cf6be) Importer(815301076,1909f56bfc062723c751e8b465ee728b)  -> (artifact id: 'ee0bc8f990fa0e364b279485ae11348f') in 0.079546 seconds
  Import took 0.084353 seconds .

========================================================================
Received Import Request.
  Time since last request: 0.001788 seconds.
  path: Assets/Prefabs/Don.prefab
  artifactKey: Guid(a2ab303ee01b8ff44ab574864c4cf6be) Importer(815301076,1909f56bfc062723c751e8b465ee728b)
Start importing Assets/Prefabs/Don.prefab using Guid(a2ab303ee01b8ff44ab574864c4cf6be) Importer(815301076,1909f56bfc062723c751e8b465ee728b)  -> (artifact id: 'ee0bc8f990fa0e364b279485ae11348f') in 0.019535 seconds
  Import took 0.023813 seconds .

========================================================================
Received Prepare
Registering precompiled user dll's ...
Registered in 0.001123 seconds.
Begin MonoManager ReloadAssembly
Native extension for WindowsStandalone target not found
Refreshing native plugins compatible for Editor in 0.74 ms, found 1 plugins.
Preloading 0 native plugins for Editor in 0.00 ms.
Mono: successfully reloaded assembly
- Completed reload, in  1.010 seconds
Platform modules already initialized, skipping
Refreshing native plugins compatible for Editor in 0.36 ms, found 1 plugins.
Preloading 0 native plugins for Editor in 0.00 ms.
Unloading 2049 Unused Serialized files (Serialized files now loaded: 0)
System memory in use before: 95.1 MB.
System memory in use after: 95.1 MB.

Unloading 12 unused Assets to reduce memory usage. Loaded Objects now: 2642.
Total: 2.916600 ms (FindLiveObjects: 0.278600 ms CreateObjectMapping: 0.070800 ms MarkObjects: 2.401500 ms  DeleteObjects: 0.164500 ms)

========================================================================
Received Prepare
Registering precompiled user dll's ...
Registered in 0.001157 seconds.
Begin MonoManager ReloadAssembly
Native extension for WindowsStandalone target not found
Refreshing native plugins compatible for Editor in 0.37 ms, found 1 plugins.
Preloading 0 native plugins for Editor in 0.00 ms.
Mono: successfully reloaded assembly
- Completed reload, in  1.034 seconds
Platform modules already initialized, skipping
Refreshing native plugins compatible for Editor in 0.37 ms, found 1 plugins.
Preloading 0 native plugins for Editor in 0.00 ms.
Unloading 2049 Unused Serialized files (Serialized files now loaded: 0)
System memory in use before: 95.1 MB.
System memory in use after: 95.1 MB.

Unloading 12 unused Assets to reduce memory usage. Loaded Objects now: 2646.
Total: 2.420200 ms (FindLiveObjects: 0.214100 ms CreateObjectMapping: 0.076000 ms MarkObjects: 1.955300 ms  DeleteObjects: 0.173800 ms)

========================================================================
Received Prepare
Registering precompiled user dll's ...
Registered in 0.001123 seconds.
Begin MonoManager ReloadAssembly
Native extension for WindowsStandalone target not found
Refreshing native plugins compatible for Editor in 0.42 ms, found 1 plugins.
Preloading 0 native plugins for Editor in 0.00 ms.
Mono: successfully reloaded assembly
- Completed reload, in  1.026 seconds
Platform modules already initialized, skipping
Refreshing native plugins compatible for Editor in 0.39 ms, found 1 plugins.
Preloading 0 native plugins for Editor in 0.00 ms.
Unloading 2049 Unused Serialized files (Serialized files now loaded: 0)
System memory in use before: 95.1 MB.
System memory in use after: 95.1 MB.

Unloading 12 unused Assets to reduce memory usage. Loaded Objects now: 2650.
Total: 3.857100 ms (FindLiveObjects: 0.196600 ms CreateObjectMapping: 0.089000 ms MarkObjects: 3.317100 ms  DeleteObjects: 0.253100 ms)

AssetImportWorkerClient::OnTransportError - code=2 error=End of file
